<?xml version="1.0" encoding="UTF-8"?>
<testng-results ignored="0" total="1" passed="1" failed="0" skipped="0">
  <reporter-output>
  </reporter-output>
  <suite started-at="2023-08-21T04:14:01 IST" name="Default suite" finished-at="2023-08-21T04:14:07 IST" duration-ms="6076">
    <groups>
    </groups>
    <test started-at="2023-08-21T04:14:01 IST" name="Default test" finished-at="2023-08-21T04:14:07 IST" duration-ms="6076">
      <class name="local_host.PositiveTestCase">
        <test-method signature="InCart()[pri:3, instance:local_host.PositiveTestCase@4550bb58]" started-at="2023-08-21T04:14:01 IST" name="InCart" finished-at="2023-08-21T04:14:07 IST" duration-ms="6027" status="PASS">
          <reporter-output>
          </reporter-output>
        </test-method> <!-- InCart -->
      </class> <!-- local_host.PositiveTestCase -->
    </test> <!-- Default test -->
  </suite> <!-- Default suite -->
</testng-results>
